This file contains any messages produced by compilers while
running configure, to aid debugging if configure makes a mistake.

It was created by configure, which was
generated by GNU Autoconf 2.52.20210509.  Invocation command line was

  $ ./configure 

## ---------- ##
## Platform.  ##
## ---------- ##

hostname = mingo-X550VX
uname -m = x86_64
uname -r = 5.4.0-89-generic
uname -s = Linux
uname -v = #100~18.04.1-Ubuntu SMP Wed Sep 29 10:59:42 UTC 2021

/usr/bin/uname -p = unknown
/bin/uname -X     = unknown

/bin/arch              = unknown
/usr/bin/arch -k       = unknown
/usr/convex/getsysinfo = unknown
hostinfo               = unknown
/bin/machine           = unknown
/usr/bin/oslevel       = unknown
/bin/universe          = unknown

PATH = /home/mingo/.wasmtime/bin:/home/mingo/.wasmer/bin:/home/mingo/perl5/bin:/home/mingo/.yarn/bin:/home/mingo/.config/yarn/global/node_modules/.bin:/home/mingo/.local/bin:/home/mingo/.wasmtime/bin:/home/mingo/.wasmer/bin:/home/mingo/perl5/bin:/home/mingo/.yarn/bin:/home/mingo/.config/yarn/global/node_modules/.bin:/home/mingo/.local/bin:/home/mingo/.opam/4.12.0/bin:/home/mingo/.local/bin:/home/mingo/bin:/usr/local/sbin:/usr/local/bin:/usr/sbin:/usr/bin:/sbin:/bin:/usr/games:/usr/local/games:/snap/bin:/home/mingo/.wasmer/globals/wapm_packages/.bin:/home/mingo/.wasmer/globals/wapm_packages/.bin

## ------------ ##
## Core tests.  ##
## ------------ ##

configure:1008: PATH=".;."; conftest.sh
./configure: 1009: ./configure: conftest.sh: not found
configure:1011: $? = 127
configure:1053: checking build system type
configure:1071: result: x86_64-pc-linux-gnu
configure:1078: checking host system type
configure:1092: result: x86_64-pc-linux-gnu
configure:1100: checking target system type
configure:1114: result: x86_64-pc-linux-gnu
configure:1146: result: Configuring for linux-gnu
configure:1214: checking for gcc
configure:1229: found /usr/bin/gcc
configure:1237: result: gcc
configure:1465: checking for C compiler version
configure:1468: gcc --version </dev/null >&5
gcc (Ubuntu 9.4.0-1ubuntu1~18.04) 9.4.0
Copyright (C) 2019 Free Software Foundation, Inc.
This is free software; see the source for copying conditions.  There is NO
warranty; not even for MERCHANTABILITY or FITNESS FOR A PARTICULAR PURPOSE.

configure:1471: $? = 0
configure:1473: gcc -v </dev/null >&5
Using built-in specs.
COLLECT_GCC=gcc
COLLECT_LTO_WRAPPER=/usr/lib/gcc/x86_64-linux-gnu/9/lto-wrapper
OFFLOAD_TARGET_NAMES=nvptx-none:hsa
OFFLOAD_TARGET_DEFAULT=1
Target: x86_64-linux-gnu
Configured with: ../src/configure -v --with-pkgversion='Ubuntu 9.4.0-1ubuntu1~18.04' --with-bugurl=file:///usr/share/doc/gcc-9/README.Bugs --enable-languages=c,ada,c++,go,brig,d,fortran,objc,obj-c++,gm2 --prefix=/usr --with-gcc-major-version-only --program-suffix=-9 --program-prefix=x86_64-linux-gnu- --enable-shared --enable-linker-build-id --libexecdir=/usr/lib --without-included-gettext --enable-threads=posix --libdir=/usr/lib --enable-nls --enable-clocale=gnu --enable-libstdcxx-debug --enable-libstdcxx-time=yes --with-default-libstdcxx-abi=new --enable-gnu-unique-object --disable-vtable-verify --enable-plugin --enable-default-pie --with-system-zlib --with-target-system-zlib=auto --enable-objc-gc=auto --enable-multiarch --disable-werror --with-arch-32=i686 --with-abi=m64 --with-multilib-list=m32,m64,mx32 --enable-multilib --with-tune=generic --enable-offload-targets=nvptx-none=/build/gcc-9-nrQql7/gcc-9-9.4.0/debian/tmp-nvptx/usr,hsa --without-cuda-driver --enable-checking=release --build=x86_64-linux-gnu --host=x86_64-linux-gnu --target=x86_64-linux-gnu
Thread model: posix
gcc version 9.4.0 (Ubuntu 9.4.0-1ubuntu1~18.04) 
configure:1476: $? = 0
configure:1478: gcc -V </dev/null >&5
gcc: error: unrecognized command line option '-V'
gcc: fatal error: no input files
compilation terminated.
configure:1481: $? = 1
configure:1501: checking for C compiler default output
configure:1504: gcc    conftest.c  >&5
configure:1507: $? = 0
configure:1536: result: a.out
configure:1541: checking whether the C compiler works
configure:1547: ./a.out
configure:1550: $? = 0
configure:1565: result: yes
configure:1572: checking whether we are cross compiling
configure:1574: result: no
configure:1577: checking for executable suffix
configure:1579: gcc -o conftest    conftest.c  >&5
configure:1582: $? = 0
configure:1604: result: 
configure:1610: checking for object suffix
configure:1628: gcc -c   conftest.c >&5
configure:1631: $? = 0
configure:1650: result: o
configure:1654: checking whether we are using the GNU C compiler
configure:1675: gcc -c   conftest.c >&5
configure:1678: $? = 0
configure:1681: test -s conftest.o
configure:1684: $? = 0
configure:1696: result: yes
configure:1702: checking whether gcc accepts -g
configure:1720: gcc -c -g  conftest.c >&5
configure:1723: $? = 0
configure:1726: test -s conftest.o
configure:1729: $? = 0
configure:1739: result: yes
configure:1766: gcc -c -g -O2  conftest.c >&5
conftest.c:2:3: error: unknown type name 'choke'
    2 |   choke me
      |   ^~~~~
conftest.c:2:3: error: expected '=', ',', ';', 'asm' or '__attribute__' at end of input
configure:1769: $? = 1
configure: failed program was:
#ifndef __cplusplus
  choke me
#endif
configure:1870: checking version of gcc
configure:1874: result: 9.4.0
configure:1883: checking if this is really Intel C compiler
configure:1905: gcc -c -g -O2 -no-gcc  conftest.c >&5
gcc: error: unrecognized command line option '-no-gcc'
configure:1908: $? = 1
configure: failed program was:
#line 1888 "configure"
#include "confdefs.h"

int
main (void)
{

#ifdef __INTEL_COMPILER
#else
make an error
#endif

  ;
  return 0;
}
configure:1925: result: no
configure:1934: checking if this is really Clang C compiler
configure:1955: gcc -c -g -O2  conftest.c >&5
configure: In function 'main':
configure:1946:1: error: unknown type name 'make'
 1946 | #else
      | ^~~~
configure:1946:9: error: expected '=', ',', ';', 'asm' or '__attribute__' before 'error'
 1946 | #else
      |         ^    
configure:1958: $? = 1
configure: failed program was:
#line 1938 "configure"
#include "confdefs.h"

int
main (void)
{

#ifdef __clang__
#else
make an error
#endif

  ;
  return 0;
}
configure:1974: result: no
configure:2055: checking for gcc option to accept ANSI C
configure:2112: gcc  -c -g -O2  conftest.c >&5
configure:2115: $? = 0
configure:2118: test -s conftest.o
configure:2121: $? = 0
configure:2138: result: none needed
configure:2149: checking $CFLAGS variable
configure:2263: result: ok
configure:2268: checking $CC variable
configure:2403: result: ok
configure:2408: checking whether make sets ${MAKE}
configure:2428: result: yes
configure:2449: checking for a BSD compatible install
configure:2498: result: /usr/bin/install -c
configure:2509: checking if filesystem supports mixed-case filenames
configure:2536: result: yes
configure:2547: checking for exctags
configure:2573: result: no
configure:2547: checking for ctags
configure:2562: found /usr/bin/ctags
configure:2570: result: ctags
configure:2584: checking for exetags
configure:2610: result: no
configure:2584: checking for etags
configure:2599: found /usr/bin/etags
configure:2607: result: etags
configure:2619: checking for ctags
configure:2634: found /usr/bin/ctags
configure:2643: result: yes
configure:2653: checking for etags
configure:2668: found /usr/bin/etags
configure:2677: result: yes
configure:2704: checking for mawk
configure:2719: found /usr/bin/mawk
configure:2727: result: mawk
configure:2745: checking for lint
configure:2771: result: no
configure:2745: checking for cppcheck
configure:2760: found /usr/bin/cppcheck
configure:2768: result: cppcheck
configure:2784: checking if the POSIX test-macros are already defined
configure:2810: gcc -c -g -O2  conftest.c >&5
configure:2813: $? = 0
configure:2816: test -s conftest.o
configure:2819: $? = 0
configure:2830: result: no
configure:2875: checking if this is the GNU C library
configure:2901: gcc -c -g -O2  conftest.c >&5
configure:2904: $? = 0
configure:2907: test -s conftest.o
configure:2910: $? = 0
configure:2921: result: yes
configure:2929: checking if _DEFAULT_SOURCE can be used as a basis
configure:2960: gcc -c -g -O2 -D_DEFAULT_SOURCE conftest.c >&5
configure:2963: $? = 0
configure:2966: test -s conftest.o
configure:2969: $? = 0
configure:2981: result: yes
configure:2986: checking if _XOPEN_SOURCE=500 works with _DEFAULT_SOURCE
configure:3111: gcc -c -g -O2 -D_DEFAULT_SOURCE -D_XOPEN_SOURCE=500 conftest.c >&5
configure:3114: $? = 0
configure:3117: test -s conftest.o
configure:3120: $? = 0
configure:3131: result: yes
configure:4277: checking if _XOPEN_SOURCE really is set
configure:4295: gcc -c -g -O2 -D_DEFAULT_SOURCE -D_XOPEN_SOURCE=500 conftest.c >&5
configure:4298: $? = 0
configure:4301: test -s conftest.o
configure:4304: $? = 0
configure:4313: result: yes
configure:4333: gcc -c -g -O2 -D_DEFAULT_SOURCE -D_XOPEN_SOURCE=500 conftest.c >&5
configure:4336: $? = 0
configure:4339: test -s conftest.o
configure:4342: $? = 0
configure:4571: checking for ggrep
configure:4597: result: no
configure:4571: checking for grep
configure:4586: found /bin/grep
configure:4594: result: grep
configure:4605: checking for egrep
configure:4661: result: grep -E
configure:4671: checking how to run the C preprocessor
configure:4697: gcc -E -D_DEFAULT_SOURCE -D_XOPEN_SOURCE=500 conftest.c
configure:4703: $? = 0
configure:4730: gcc -E -D_DEFAULT_SOURCE -D_XOPEN_SOURCE=500 conftest.c
configure:4727:10: fatal error: ac_nonexistent.h: No such file or directory
 4727 | #include "confdefs.h"
      |          ^~~~~~~~~~~~      
compilation terminated.
configure:4736: $? = 1
configure: failed program was:
#line 4726 "configure"
#include "confdefs.h"
#include <ac_nonexistent.h>
configure:4773: result: gcc -E
configure:4788: gcc -E -D_DEFAULT_SOURCE -D_XOPEN_SOURCE=500 conftest.c
configure:4794: $? = 0
configure:4821: gcc -E -D_DEFAULT_SOURCE -D_XOPEN_SOURCE=500 conftest.c
configure:4818:10: fatal error: ac_nonexistent.h: No such file or directory
 4818 | #include "confdefs.h"
      |          ^~~~~~~~~~~~      
compilation terminated.
configure:4827: $? = 1
configure: failed program was:
#line 4817 "configure"
#include "confdefs.h"
#include <ac_nonexistent.h>
configure:4870: checking for fcntl.h
configure:4880: gcc -E -D_DEFAULT_SOURCE -D_XOPEN_SOURCE=500 conftest.c
configure:4886: $? = 0
configure:4905: result: yes
configure:4920: checking for unistd.h
configure:4930: gcc -E -D_DEFAULT_SOURCE -D_XOPEN_SOURCE=500 conftest.c
configure:4936: $? = 0
configure:4955: result: yes
configure:4965: checking for working mkstemp
configure:5017: gcc -o conftest -g -O2 -D_DEFAULT_SOURCE -D_XOPEN_SOURCE=500  conftest.c  >&5
configure:5020: $? = 0
configure:5022: ./conftest
configure:5025: $? = 0
configure:5040: result: yes
configure:5114: checking for unistd.h
configure:5149: result: yes
configure:5114: checking for getopt.h
configure:5124: gcc -E -D_DEFAULT_SOURCE -D_XOPEN_SOURCE=500 conftest.c
configure:5130: $? = 0
configure:5149: result: yes
configure:5159: checking for header declaring getopt variables
configure:5182: gcc -c -g -O2 -D_DEFAULT_SOURCE -D_XOPEN_SOURCE=500 conftest.c >&5
configure: In function 'main':
configure:5175:9: error: 'optind' undeclared (first use in this function)
 5175 | {
      |         ^     
configure:5175:9: note: each undeclared identifier is reported only once for each function it appears in
configure:5175:27: error: 'optarg' undeclared (first use in this function)
 5175 | {
      |                           ^     
configure:5185: $? = 1
configure: failed program was:
#line 5169 "configure"
#include "confdefs.h"

#include <stdio.h>
int
main (void)
{
int x = optind; char *y = optarg; (void)x; (void)y
  ;
  return 0;
}
configure:5182: gcc -c -g -O2 -D_DEFAULT_SOURCE -D_XOPEN_SOURCE=500 conftest.c >&5
configure: In function 'main':
configure:5175:9: error: 'optind' undeclared (first use in this function)
 5175 | {
      |         ^     
configure:5175:9: note: each undeclared identifier is reported only once for each function it appears in
configure:5175:27: error: 'optarg' undeclared (first use in this function)
 5175 | {
      |                           ^     
configure:5185: $? = 1
configure: failed program was:
#line 5169 "configure"
#include "confdefs.h"

#include <stdlib.h>
int
main (void)
{
int x = optind; char *y = optarg; (void)x; (void)y
  ;
  return 0;
}
configure:5182: gcc -c -g -O2 -D_DEFAULT_SOURCE -D_XOPEN_SOURCE=500 conftest.c >&5
configure:5185: $? = 0
configure:5188: test -s conftest.o
configure:5191: $? = 0
configure:5203: result: unistd.h
configure:5223: checking for getopt
configure:5260: gcc -o conftest -g -O2 -D_DEFAULT_SOURCE -D_XOPEN_SOURCE=500  conftest.c  >&5
configure:5263: $? = 0
configure:5266: test -s conftest
configure:5269: $? = 0
configure:5279: result: yes
configure:5223: checking for vsnprintf
configure:5260: gcc -o conftest -g -O2 -D_DEFAULT_SOURCE -D_XOPEN_SOURCE=500  conftest.c  >&5
configure:5240:6: warning: conflicting types for built-in function 'vsnprintf'; expected 'int(char *, long unsigned int,  const char *, __va_list_tag *)' [-Wbuiltin-declaration-mismatch]
 5240 |    builtin and then its argument prototype would still apply.  */
      |      ^~~~~~~~~
configure:5232:1: note: 'vsnprintf' is declared in header '<stdio.h>'
 5231 | #define $ac_func autoconf_temporary
  +++ |+#include <stdio.h>
 5232 | #include <limits.h> /* least-intrusive standard header which defines gcc2 __stub macros */
configure:5263: $? = 0
configure:5266: test -s conftest
configure:5269: $? = 0
configure:5279: result: yes
configure:5289: checking for maximum table size
configure:5314: result: default
configure:5318: checking if backtracking extension is wanted
configure:5326: result: 
configure:5339: checking for fgrep
configure:5395: result: grep -F
configure:5399: checking if you want to use C11 _Noreturn feature
configure:5416: result: no
configure:5604: checking if you want to turn on gcc warnings
configure:5621: result: no
configure:5752: checking for gcc __attribute__ directives...
checking for gcc __attribute__((scanf))
configure:5804: gcc -c -g -O2 -D_DEFAULT_SOURCE -D_XOPEN_SOURCE=500 conftest.c >&5
configure:5807: $? = 0
checking for gcc __attribute__((printf))
configure:5804: gcc -c -g -O2 -D_DEFAULT_SOURCE -D_XOPEN_SOURCE=500 conftest.c >&5
configure:5807: $? = 0
checking for gcc __attribute__((unused))
configure:5804: gcc -c -g -O2 -D_DEFAULT_SOURCE -D_XOPEN_SOURCE=500 conftest.c >&5
configure:5807: $? = 0
checking for gcc __attribute__((noreturn))
configure:5804: gcc -c -g -O2 -D_DEFAULT_SOURCE -D_XOPEN_SOURCE=500 conftest.c >&5
configure:5807: $? = 0
configure:5870: checking if you want to see long compiling messages
configure:5904: result: yes
configure:5907: checking if you want to use dmalloc for testing
configure:5929: result: no
configure:6144: checking if you want to use dbmalloc for testing
configure:6166: result: no
configure:6381: checking if you want to use valgrind for testing
configure:6403: result: no
configure:6516: checking if you want to perform memory-leak testing
configure:6527: result: no
configure:6544: checking for groff
configure:6561: found /usr/bin/groff
configure:6573: result: /usr/bin/groff
configure:6584: checking for nroff
configure:6601: found /usr/bin/nroff
configure:6612: result: /usr/bin/nroff
configure:6625: checking for tbl
configure:6642: found /usr/bin/tbl
configure:6654: result: /usr/bin/tbl
configure:6677: checking for man2html
configure:6706: result: no
configure:6733: checking for program to convert manpage to html
configure:6792: result: /usr/bin/groff
configure:6945: checking for ANSI C header files
configure:6959: gcc -E -D_DEFAULT_SOURCE -D_XOPEN_SOURCE=500 conftest.c
configure:6965: $? = 0
configure:7052: gcc -o conftest -g -O2 -D_DEFAULT_SOURCE -D_XOPEN_SOURCE=500  conftest.c  >&5
configure:7055: $? = 0
configure:7057: ./conftest
configure:7060: $? = 0
configure:7073: result: yes
configure:7089: checking for sys/types.h
configure:7101: gcc -c -g -O2 -D_DEFAULT_SOURCE -D_XOPEN_SOURCE=500 conftest.c >&5
configure:7104: $? = 0
configure:7107: test -s conftest.o
configure:7110: $? = 0
configure:7120: result: yes
configure:7089: checking for sys/stat.h
configure:7101: gcc -c -g -O2 -D_DEFAULT_SOURCE -D_XOPEN_SOURCE=500 conftest.c >&5
configure:7104: $? = 0
configure:7107: test -s conftest.o
configure:7110: $? = 0
configure:7120: result: yes
configure:7089: checking for stdlib.h
configure:7101: gcc -c -g -O2 -D_DEFAULT_SOURCE -D_XOPEN_SOURCE=500 conftest.c >&5
configure:7104: $? = 0
configure:7107: test -s conftest.o
configure:7110: $? = 0
configure:7120: result: yes
configure:7089: checking for string.h
configure:7101: gcc -c -g -O2 -D_DEFAULT_SOURCE -D_XOPEN_SOURCE=500 conftest.c >&5
configure:7104: $? = 0
configure:7107: test -s conftest.o
configure:7110: $? = 0
configure:7120: result: yes
configure:7089: checking for memory.h
configure:7101: gcc -c -g -O2 -D_DEFAULT_SOURCE -D_XOPEN_SOURCE=500 conftest.c >&5
configure:7104: $? = 0
configure:7107: test -s conftest.o
configure:7110: $? = 0
configure:7120: result: yes
configure:7089: checking for strings.h
configure:7101: gcc -c -g -O2 -D_DEFAULT_SOURCE -D_XOPEN_SOURCE=500 conftest.c >&5
configure:7104: $? = 0
configure:7107: test -s conftest.o
configure:7110: $? = 0
configure:7120: result: yes
configure:7089: checking for inttypes.h
configure:7101: gcc -c -g -O2 -D_DEFAULT_SOURCE -D_XOPEN_SOURCE=500 conftest.c >&5
configure:7104: $? = 0
configure:7107: test -s conftest.o
configure:7110: $? = 0
configure:7120: result: yes
configure:7089: checking for stdint.h
configure:7101: gcc -c -g -O2 -D_DEFAULT_SOURCE -D_XOPEN_SOURCE=500 conftest.c >&5
configure:7104: $? = 0
configure:7107: test -s conftest.o
configure:7110: $? = 0
configure:7120: result: yes
configure:7089: checking for unistd.h
configure:7120: result: yes
configure:7130: checking for mode_t
configure:7151: gcc -c -g -O2 -D_DEFAULT_SOURCE -D_XOPEN_SOURCE=500 conftest.c >&5
configure:7154: $? = 0
configure:7157: test -s conftest.o
configure:7160: $? = 0
configure:7170: result: yes
configure:7263: creating ./config.status

## ----------------------- ##
## Running config.status.  ##
## ----------------------- ##

This file was extended by config.status 2.52.20210509, executed with
  CONFIG_FILES    = 
  CONFIG_HEADERS  = 
  CONFIG_LINKS    = 
  CONFIG_COMMANDS = 
  > "./config.status "
on mingo-X550VX

config.status:7765: creating makefile
config.status:7918: creating config.h
config.status:8060: config.h is unchanged

## ----------------- ##
## Cache variables.  ##
## ----------------- ##

ac_cv_build='x86_64-pc-linux-gnu'
ac_cv_build_alias='x86_64-pc-linux-gnu'
ac_cv_c_compiler_gnu='yes'
ac_cv_env_CC_set=''
ac_cv_env_CC_value=''
ac_cv_env_CFLAGS_set=''
ac_cv_env_CFLAGS_value=''
ac_cv_env_CPPFLAGS_set=''
ac_cv_env_CPPFLAGS_value=''
ac_cv_env_CPP_set=''
ac_cv_env_CPP_value=''
ac_cv_env_LDFLAGS_set=''
ac_cv_env_LDFLAGS_value=''
ac_cv_env_build_alias_set=''
ac_cv_env_build_alias_value=''
ac_cv_env_host_alias_set=''
ac_cv_env_host_alias_value=''
ac_cv_env_target_alias_set=''
ac_cv_env_target_alias_value=''
ac_cv_func_getopt='yes'
ac_cv_func_vsnprintf='yes'
ac_cv_header_fcntl_h='yes'
ac_cv_header_getopt_h='yes'
ac_cv_header_inttypes_h='yes'
ac_cv_header_memory_h='yes'
ac_cv_header_stdc='yes'
ac_cv_header_stdint_h='yes'
ac_cv_header_stdlib_h='yes'
ac_cv_header_string_h='yes'
ac_cv_header_strings_h='yes'
ac_cv_header_sys_stat_h='yes'
ac_cv_header_sys_types_h='yes'
ac_cv_header_unistd_h='yes'
ac_cv_host='x86_64-pc-linux-gnu'
ac_cv_host_alias='x86_64-pc-linux-gnu'
ac_cv_objext='o'
ac_cv_path_EGREP='grep -E'
ac_cv_path_FGREP='grep -F'
ac_cv_path_GROFF_PATH='/usr/bin/groff'
ac_cv_path_NROFF_PATH='/usr/bin/nroff'
ac_cv_path_TBL_PATH='/usr/bin/tbl'
ac_cv_path_cf_man2html='no'
ac_cv_path_install='/usr/bin/install -c'
ac_cv_prog_AWK='mawk'
ac_cv_prog_CPP='gcc -E'
ac_cv_prog_CTAGS='ctags'
ac_cv_prog_ETAGS='etags'
ac_cv_prog_GREP='grep'
ac_cv_prog_LINT='cppcheck'
ac_cv_prog_MAKE_LOWER_TAGS='yes'
ac_cv_prog_MAKE_UPPER_TAGS='yes'
ac_cv_prog_ac_ct_CC='gcc'
ac_cv_prog_cc_g='yes'
ac_cv_prog_cc_stdc=''
ac_cv_prog_make_make_set='yes'
ac_cv_target='x86_64-pc-linux-gnu'
ac_cv_target_alias='x86_64-pc-linux-gnu'
ac_cv_type_mode_t='yes'
cf_cv_c11_noreturn='no,'
cf_cv_func_mkstemp='yes'
cf_cv_getopt_header='unistd.h'
cf_cv_gnu_dftsrc_219='yes'
cf_cv_gnu_library='yes'
cf_cv_gnu_library_219='yes'
cf_cv_mixedcase='yes'
cf_cv_posix_visible='no'
cf_cv_system_name='linux-gnu'

## ------------ ##
## confdefs.h.  ##
## ------------ ##

#define SYSTEM_NAME "linux-gnu"
#define MIXEDCASE_FILENAMES 1
#define HAVE_FCNTL_H 1
#define HAVE_UNISTD_H 1
#define HAVE_MKSTEMP 1
#define HAVE_UNISTD_H 1
#define HAVE_GETOPT_H 1
#define HAVE_GETOPT_HEADER 1
#define HAVE_GETOPT 1
#define HAVE_VSNPRINTF 1
#define GCC_SCANF 1
#define GCC_SCANF 1
#define GCC_SCANFLIKE(fmt,var) __attribute__((format(scanf,fmt,var)))
#define GCC_PRINTF 1
#define GCC_PRINTF 1
#define GCC_PRINTFLIKE(fmt,var) __attribute__((format(printf,fmt,var)))
#define GCC_UNUSED __attribute__((unused))
#define GCC_UNUSED __attribute__((unused))
#define GCC_NORETURN __attribute__((noreturn))
#define GCC_NORETURN __attribute__((noreturn))
#define STDC_HEADERS 1
#define HAVE_SYS_TYPES_H 1
#define HAVE_SYS_STAT_H 1
#define HAVE_STDLIB_H 1
#define HAVE_STRING_H 1
#define HAVE_MEMORY_H 1
#define HAVE_STRINGS_H 1
#define HAVE_INTTYPES_H 1
#define HAVE_STDINT_H 1
#define HAVE_UNISTD_H 1


configure: exit 0
